<?xml version="1.0" encoding="UTF-8"?>
<testng-results ignored="0" total="1" passed="1" failed="0" skipped="0">
  <reporter-output>
  </reporter-output>
  <suite started-at="2023-11-04T14:26:47 IST" name="Default suite" finished-at="2023-11-04T14:26:51 IST" duration-ms="4611">
    <groups>
    </groups>
    <test started-at="2023-11-04T14:26:47 IST" name="Default test" finished-at="2023-11-04T14:26:51 IST" duration-ms="4611">
      <class name="com.Runner_Class.RestAssured">
        <test-method is-config="true" signature="Beforemethod()[pri:0, instance:com.Runner_Class.RestAssured@5b247367]" started-at="2023-11-04T14:26:47 IST" name="Beforemethod" finished-at="2023-11-04T14:26:47 IST" duration-ms="373" status="PASS">
          <reporter-output>
          </reporter-output>
        </test-method> <!-- Beforemethod -->
        <test-method signature="schemavalidation()[pri:0, instance:com.Runner_Class.RestAssured@5b247367]" started-at="2023-11-04T14:26:47 IST" name="schemavalidation" finished-at="2023-11-04T14:26:51 IST" duration-ms="3798" status="PASS">
          <reporter-output>
          </reporter-output>
        </test-method> <!-- schemavalidation -->
        <test-method is-config="true" signature="Aftermethod()[pri:0, instance:com.Runner_Class.RestAssured@5b247367]" started-at="2023-11-04T14:26:51 IST" name="Aftermethod" finished-at="2023-11-04T14:26:51 IST" duration-ms="354" status="PASS">
          <reporter-output>
          </reporter-output>
        </test-method> <!-- Aftermethod -->
      </class> <!-- com.Runner_Class.RestAssured -->
    </test> <!-- Default test -->
  </suite> <!-- Default suite -->
</testng-results>
